# JRE version: OpenJDK Runtime Environment (8.0_152-b02) (build 1.8.0_152-release-1024-b02)
# Java VM: OpenJDK 64-Bit Server VM (25.152-b02 mixed mode windows-amd64 compressed oops)
Heap:
 PSYoungGen      total 140800K, used 78699K [0x00000000e0000000, 0x00000000eb300000, 0x0000000100000000)
  eden space 131072K, 60% used [0x00000000e0000000,0x00000000e4cdaeb8,0x00000000e8000000)
  from space 9728K, 0% used [0x00000000e8000000,0x00000000e8000000,0x00000000e8980000)
  to   space 12800K, 0% used [0x00000000ea680000,0x00000000ea680000,0x00000000eb300000)
 ParOldGen       total 96768K, used 19166K [0x00000000a0000000, 0x00000000a5e80000, 0x00000000e0000000)
  object space 96768K, 19% used [0x00000000a0000000,0x00000000a12b7a58,0x00000000a5e80000)
 Metaspace       used 38989K, capacity 39680K, committed 39896K, reserved 1083392K
  class space    used 5302K, capacity 5540K, committed 5632K, reserved 1048576K
GC Heap History (10 events):
Event: 2.594 GC heap before
{Heap before GC invocations=5 (full 0):
 PSYoungGen      total 71680K, used 17334K [0x00000000e0000000, 0x00000000e4b00000, 0x0000000100000000)
  eden space 66560K, 18% used [0x00000000e0000000,0x00000000e0bf1b50,0x00000000e4100000)
  from space 5120K, 99% used [0x00000000e4600000,0x00000000e4afc050,0x00000000e4b00000)
  to   space 5120K, 0% used [0x00000000e4100000,0x00000000e4100000,0x00000000e4600000)
 ParOldGen       total 87552K, used 5948K [0x00000000a0000000, 0x00000000a5580000, 0x00000000e0000000)
  object space 87552K, 6% used [0x00000000a0000000,0x00000000a05cf0e0,0x00000000a5580000)
 Metaspace       used 20748K, capacity 21200K, committed 21248K, reserved 1067008K
  class space    used 2894K, capacity 3038K, committed 3072K, reserved 1048576K
Event: 2.602 GC heap after
Heap after GC invocations=5 (full 0):
 PSYoungGen      total 71680K, used 5088K [0x00000000e0000000, 0x00000000e9500000, 0x0000000100000000)
  eden space 66560K, 0% used [0x00000000e0000000,0x00000000e0000000,0x00000000e4100000)
  from space 5120K, 99% used [0x00000000e4100000,0x00000000e45f8030,0x00000000e4600000)
  to   space 9728K, 0% used [0x00000000e8b80000,0x00000000e8b80000,0x00000000e9500000)
 ParOldGen       total 87552K, used 8275K [0x00000000a0000000, 0x00000000a5580000, 0x00000000e0000000)
  object space 87552K, 9% used [0x00000000a0000000,0x00000000a0814fc8,0x00000000a5580000)
 Metaspace       used 20748K, capacity 21200K, committed 21248K, reserved 1067008K
  class space    used 2894K, capacity 3038K, committed 3072K, reserved 1048576K
}
Event: 2.602 GC heap before
{Heap before GC invocations=6 (full 1):
 PSYoungGen      total 71680K, used 5088K [0x00000000e0000000, 0x00000000e9500000, 0x0000000100000000)
  eden space 66560K, 0% used [0x00000000e0000000,0x00000000e0000000,0x00000000e4100000)
  from space 5120K, 99% used [0x00000000e4100000,0x00000000e45f8030,0x00000000e4600000)
  to   space 9728K, 0% used [0x00000000e8b80000,0x00000000e8b80000,0x00000000e9500000)
 ParOldGen       total 87552K, used 8275K [0x00000000a0000000, 0x00000000a5580000, 0x00000000e0000000)
  object space 87552K, 9% used [0x00000000a0000000,0x00000000a0814fc8,0x00000000a5580000)
 Metaspace       used 20748K, capacity 21200K, committed 21248K, reserved 1067008K
  class space    used 2894K, capacity 3038K, committed 3072K, reserved 1048576K
Event: 2.644 GC heap after
Heap after GC invocations=6 (full 1):
 PSYoungGen      total 71680K, used 0K [0x00000000e0000000, 0x00000000e9500000, 0x0000000100000000)
  eden space 66560K, 0% used [0x00000000e0000000,0x00000000e0000000,0x00000000e4100000)
  from space 5120K, 0% used [0x00000000e4100000,0x00000000e4100000,0x00000000e4600000)
  to   space 9728K, 0% used [0x00000000e8b80000,0x00000000e8b80000,0x00000000e9500000)
 ParOldGen       total 59392K, used 7830K [0x00000000a0000000, 0x00000000a3a00000, 0x00000000e0000000)
  object space 59392K, 13% used [0x00000000a0000000,0x00000000a07a5988,0x00000000a3a00000)
 Metaspace       used 20748K, capacity 21200K, committed 21248K, reserved 1067008K
  class space    used 2894K, capacity 3038K, committed 3072K, reserved 1048576K
}
Event: 3.938 GC heap before
{Heap before GC invocations=7 (full 1):
 PSYoungGen      total 71680K, used 66560K [0x00000000e0000000, 0x00000000e9500000, 0x0000000100000000)
  eden space 66560K, 100% used [0x00000000e0000000,0x00000000e4100000,0x00000000e4100000)
  from space 5120K, 0% used [0x00000000e4100000,0x00000000e4100000,0x00000000e4600000)
  to   space 9728K, 0% used [0x00000000e8b80000,0x00000000e8b80000,0x00000000e9500000)
 ParOldGen       total 59392K, used 7830K [0x00000000a0000000, 0x00000000a3a00000, 0x00000000e0000000)
  object space 59392K, 13% used [0x00000000a0000000,0x00000000a07a5988,0x00000000a3a00000)
 Metaspace       used 26628K, capacity 27056K, committed 27136K, reserved 1073152K
  class space    used 3670K, capacity 3829K, committed 3840K, reserved 1048576K
Event: 3.952 GC heap after
Heap after GC invocations=7 (full 1):
 PSYoungGen      total 111616K, used 7392K [0x00000000e0000000, 0x00000000e9300000, 0x0000000100000000)
  eden space 103936K, 0% used [0x00000000e0000000,0x00000000e0000000,0x00000000e6580000)
  from space 7680K, 96% used [0x00000000e8b80000,0x00000000e92b8158,0x00000000e9300000)
  to   space 9728K, 0% used [0x00000000e8000000,0x00000000e8000000,0x00000000e8980000)
 ParOldGen       total 59392K, used 7838K [0x00000000a0000000, 0x00000000a3a00000, 0x00000000e0000000)
  object space 59392K, 13% used [0x00000000a0000000,0x00000000a07a7988,0x00000000a3a00000)
 Metaspace       used 26628K, capacity 27056K, committed 27136K, reserved 1073152K
  class space    used 3670K, capacity 3829K, committed 3840K, reserved 1048576K
}
Event: 5.538 GC heap before
{Heap before GC invocations=8 (full 1):
 PSYoungGen      total 111616K, used 94084K [0x00000000e0000000, 0x00000000e9300000, 0x0000000100000000)
  eden space 103936K, 83% used [0x00000000e0000000,0x00000000e54a8f80,0x00000000e6580000)
  from space 7680K, 96% used [0x00000000e8b80000,0x00000000e92b8158,0x00000000e9300000)
  to   space 9728K, 0% used [0x00000000e8000000,0x00000000e8000000,0x00000000e8980000)
 ParOldGen       total 59392K, used 7838K [0x00000000a0000000, 0x00000000a3a00000, 0x00000000e0000000)
  object space 59392K, 13% used [0x00000000a0000000,0x00000000a07a7988,0x00000000a3a00000)
 Metaspace       used 34722K, capacity 35260K, committed 35416K, reserved 1079296K
  class space    used 4778K, capacity 4972K, committed 4992K, reserved 1048576K
Event: 5.550 GC heap after
Heap after GC invocations=8 (full 1):
 PSYoungGen      total 140800K, used 9726K [0x00000000e0000000, 0x00000000eb300000, 0x0000000100000000)
  eden space 131072K, 0% used [0x00000000e0000000,0x00000000e0000000,0x00000000e8000000)
  from space 9728K, 99% used [0x00000000e8000000,0x00000000e897f970,0x00000000e8980000)
  to   space 12800K, 0% used [0x00000000ea680000,0x00000000ea680000,0x00000000eb300000)
 ParOldGen       total 59392K, used 10995K [0x00000000a0000000, 0x00000000a3a00000, 0x00000000e0000000)
  object space 59392K, 18% used [0x00000000a0000000,0x00000000a0abcdb8,0x00000000a3a00000)
 Metaspace       used 34722K, capacity 35260K, committed 35416K, reserved 1079296K
  class space    used 4778K, capacity 4972K, committed 4992K, reserved 1048576K
}
Event: 5.550 GC heap before
{Heap before GC invocations=9 (full 2):
 PSYoungGen      total 140800K, used 9726K [0x00000000e0000000, 0x00000000eb300000, 0x0000000100000000)
  eden space 131072K, 0% used [0x00000000e0000000,0x00000000e0000000,0x00000000e8000000)
  from space 9728K, 99% used [0x00000000e8000000,0x00000000e897f970,0x00000000e8980000)
  to   space 12800K, 0% used [0x00000000ea680000,0x00000000ea680000,0x00000000eb300000)
 ParOldGen       total 59392K, used 10995K [0x00000000a0000000, 0x00000000a3a00000, 0x00000000e0000000)
  object space 59392K, 18% used [0x00000000a0000000,0x00000000a0abcdb8,0x00000000a3a00000)
 Metaspace       used 34722K, capacity 35260K, committed 35416K, reserved 1079296K
  class space    used 4778K, capacity 4972K, committed 4992K, reserved 1048576K
Event: 5.621 GC heap after
Heap after GC invocations=9 (full 2):
 PSYoungGen      total 140800K, used 0K [0x00000000e0000000, 0x00000000eb300000, 0x0000000100000000)
  eden space 131072K, 0% used [0x00000000e0000000,0x00000000e0000000,0x00000000e8000000)
  from space 9728K, 0% used [0x00000000e8000000,0x00000000e8000000,0x00000000e8980000)
  to   space 12800K, 0% used [0x00000000ea680000,0x00000000ea680000,0x00000000eb300000)
 ParOldGen       total 96768K, used 19166K [0x00000000a0000000, 0x00000000a5e80000, 0x00000000e0000000)
  object space 96768K, 19% used [0x00000000a0000000,0x00000000a12b7a58,0x00000000a5e80000)
 Metaspace       used 34722K, capacity 35260K, committed 35416K, reserved 1079296K
  class space    used 4778K, capacity 4972K, committed 4992K, reserved 1048576K
}

